Determining if the Q_WS_WIN exist failed with the following output:
Change Dir: /home/mmh/src/quantum/synthesis/qsyn/build/CMakeFiles/CMakeTmp

Run Build Command:/usr/bin/make "cmTryCompileExec1744724996/fast"
/usr/bin/make -f CMakeFiles/cmTryCompileExec1744724996.dir/build.make CMakeFiles/cmTryCompileExec1744724996.dir/build
make[1]: Entering directory `/home/mmh/src/quantum/synthesis/qsyn/build/CMakeFiles/CMakeTmp'
/usr/bin/cmake -E cmake_progress_report /home/mmh/src/quantum/synthesis/qsyn/build/CMakeFiles/CMakeTmp/CMakeFiles 1
Building CXX object CMakeFiles/cmTryCompileExec1744724996.dir/CheckSymbolExists.cxx.o
/usr/bin/c++    -I/usr/include/qt4    -o CMakeFiles/cmTryCompileExec1744724996.dir/CheckSymbolExists.cxx.o -c /home/mmh/src/quantum/synthesis/qsyn/build/CMakeFiles/CMakeTmp/CheckSymbolExists.cxx
/home/mmh/src/quantum/synthesis/qsyn/build/CMakeFiles/CMakeTmp/CheckSymbolExists.cxx: In function ‘int main(int, char**)’:
/home/mmh/src/quantum/synthesis/qsyn/build/CMakeFiles/CMakeTmp/CheckSymbolExists.cxx:8:19: error: ‘Q_WS_WIN’ was not declared in this scope
make[1]: *** [CMakeFiles/cmTryCompileExec1744724996.dir/CheckSymbolExists.cxx.o] Error 1
make[1]: Leaving directory `/home/mmh/src/quantum/synthesis/qsyn/build/CMakeFiles/CMakeTmp'
make: *** [cmTryCompileExec1744724996/fast] Error 2

File /home/mmh/src/quantum/synthesis/qsyn/build/CMakeFiles/CMakeTmp/CheckSymbolExists.cxx:
/* */
#include <QtCore/qglobal.h>

int main(int argc, char** argv)
{
  (void)argv;
#ifndef Q_WS_WIN
  return ((int*)(&Q_WS_WIN))[argc];
#else
  (void)argc;
  return 0;
#endif
}

Determining if the Q_WS_QWS exist failed with the following output:
Change Dir: /home/mmh/src/quantum/synthesis/qsyn/build/CMakeFiles/CMakeTmp

Run Build Command:/usr/bin/make "cmTryCompileExec2882485594/fast"
/usr/bin/make -f CMakeFiles/cmTryCompileExec2882485594.dir/build.make CMakeFiles/cmTryCompileExec2882485594.dir/build
make[1]: Entering directory `/home/mmh/src/quantum/synthesis/qsyn/build/CMakeFiles/CMakeTmp'
/usr/bin/cmake -E cmake_progress_report /home/mmh/src/quantum/synthesis/qsyn/build/CMakeFiles/CMakeTmp/CMakeFiles 1
Building CXX object CMakeFiles/cmTryCompileExec2882485594.dir/CheckSymbolExists.cxx.o
/usr/bin/c++    -I/usr/include/qt4    -o CMakeFiles/cmTryCompileExec2882485594.dir/CheckSymbolExists.cxx.o -c /home/mmh/src/quantum/synthesis/qsyn/build/CMakeFiles/CMakeTmp/CheckSymbolExists.cxx
/home/mmh/src/quantum/synthesis/qsyn/build/CMakeFiles/CMakeTmp/CheckSymbolExists.cxx: In function ‘int main(int, char**)’:
/home/mmh/src/quantum/synthesis/qsyn/build/CMakeFiles/CMakeTmp/CheckSymbolExists.cxx:8:19: error: ‘Q_WS_QWS’ was not declared in this scope
make[1]: *** [CMakeFiles/cmTryCompileExec2882485594.dir/CheckSymbolExists.cxx.o] Error 1
make[1]: Leaving directory `/home/mmh/src/quantum/synthesis/qsyn/build/CMakeFiles/CMakeTmp'
make: *** [cmTryCompileExec2882485594/fast] Error 2

File /home/mmh/src/quantum/synthesis/qsyn/build/CMakeFiles/CMakeTmp/CheckSymbolExists.cxx:
/* */
#include <QtCore/qglobal.h>

int main(int argc, char** argv)
{
  (void)argv;
#ifndef Q_WS_QWS
  return ((int*)(&Q_WS_QWS))[argc];
#else
  (void)argc;
  return 0;
#endif
}

Determining if the Q_WS_MAC exist failed with the following output:
Change Dir: /home/mmh/src/quantum/synthesis/qsyn/build/CMakeFiles/CMakeTmp

Run Build Command:/usr/bin/make "cmTryCompileExec3058384227/fast"
/usr/bin/make -f CMakeFiles/cmTryCompileExec3058384227.dir/build.make CMakeFiles/cmTryCompileExec3058384227.dir/build
make[1]: Entering directory `/home/mmh/src/quantum/synthesis/qsyn/build/CMakeFiles/CMakeTmp'
/usr/bin/cmake -E cmake_progress_report /home/mmh/src/quantum/synthesis/qsyn/build/CMakeFiles/CMakeTmp/CMakeFiles 1
Building CXX object CMakeFiles/cmTryCompileExec3058384227.dir/CheckSymbolExists.cxx.o
/usr/bin/c++    -I/usr/include/qt4    -o CMakeFiles/cmTryCompileExec3058384227.dir/CheckSymbolExists.cxx.o -c /home/mmh/src/quantum/synthesis/qsyn/build/CMakeFiles/CMakeTmp/CheckSymbolExists.cxx
/home/mmh/src/quantum/synthesis/qsyn/build/CMakeFiles/CMakeTmp/CheckSymbolExists.cxx: In function ‘int main(int, char**)’:
/home/mmh/src/quantum/synthesis/qsyn/build/CMakeFiles/CMakeTmp/CheckSymbolExists.cxx:8:19: error: ‘Q_WS_MAC’ was not declared in this scope
make[1]: *** [CMakeFiles/cmTryCompileExec3058384227.dir/CheckSymbolExists.cxx.o] Error 1
make[1]: Leaving directory `/home/mmh/src/quantum/synthesis/qsyn/build/CMakeFiles/CMakeTmp'
make: *** [cmTryCompileExec3058384227/fast] Error 2

File /home/mmh/src/quantum/synthesis/qsyn/build/CMakeFiles/CMakeTmp/CheckSymbolExists.cxx:
/* */
#include <QtCore/qglobal.h>

int main(int argc, char** argv)
{
  (void)argv;
#ifndef Q_WS_MAC
  return ((int*)(&Q_WS_MAC))[argc];
#else
  (void)argc;
  return 0;
#endif
}

